Copyright 1986-2019 Xilinx, Inc. All Rights Reserved.
--------------------------------------------------------------------------------------------------------------------------------------------------------------------------------------------
| Tool Version : Vivado v.2019.1 (win64) Build 2552052 Fri May 24 14:49:42 MDT 2019
| Date         : Mon Jan 20 16:33:06 2020
| Host         : LAPTOP-CG3U7DTI running 64-bit major release  (build 9200)
| Command      : report_timing_summary -max_paths 10 -file trabajo_timing_summary_routed.rpt -pb trabajo_timing_summary_routed.pb -rpx trabajo_timing_summary_routed.rpx -warn_on_violation
| Design       : trabajo
| Device       : 7a100t-csg324
| Speed File   : -1  PRODUCTION 1.23 2018-06-13
--------------------------------------------------------------------------------------------------------------------------------------------------------------------------------------------

Timing Summary Report

------------------------------------------------------------------------------------------------
| Timer Settings
| --------------
------------------------------------------------------------------------------------------------

  Enable Multi Corner Analysis               :  Yes
  Enable Pessimism Removal                   :  Yes
  Pessimism Removal Resolution               :  Nearest Common Node
  Enable Input Delay Default Clock           :  No
  Enable Preset / Clear Arcs                 :  No
  Disable Flight Delays                      :  No
  Ignore I/O Paths                           :  No
  Timing Early Launch at Borrowing Latches   :  No
  Borrow Time for Max Delay Exceptions       :  Yes

  Corner  Analyze    Analyze    
  Name    Max Paths  Min Paths  
  ------  ---------  ---------  
  Slow    Yes        Yes        
  Fast    Yes        Yes        



check_timing report

Table of Contents
-----------------
1. checking no_clock
2. checking constant_clock
3. checking pulse_width_clock
4. checking unconstrained_internal_endpoints
5. checking no_input_delay
6. checking no_output_delay
7. checking multiple_clock
8. checking generated_clocks
9. checking loops
10. checking partial_input_delay
11. checking partial_output_delay
12. checking latch_loops

1. checking no_clock
--------------------
 There are 33 register/latch pins with no clock driven by root clock pin: boton (HIGH)

 There are 20 register/latch pins with no clock driven by root clock pin: clk (HIGH)

 There are 70 register/latch pins with no clock driven by root clock pin: reset (HIGH)

 There are 33 register/latch pins with no clock driven by root clock pin: sensor (HIGH)

 There are 64 register/latch pins with no clock driven by root clock pin: MAQUINA_SEMAFORO_CRUCE/TIMER/clk_state_reg/Q (HIGH)

 There are 29 register/latch pins with no clock driven by root clock pin: MAQUINA_SEMAFORO_CRUCE/count[0]_C/Q (HIGH)

 There are 29 register/latch pins with no clock driven by root clock pin: MAQUINA_SEMAFORO_CRUCE/count[0]_LDC/Q (HIGH)

 There are 29 register/latch pins with no clock driven by root clock pin: MAQUINA_SEMAFORO_CRUCE/count[0]_P/Q (HIGH)

 There are 21 register/latch pins with no clock driven by root clock pin: MAQUINA_SEMAFORO_CRUCE/count[10]_C/Q (HIGH)

 There are 21 register/latch pins with no clock driven by root clock pin: MAQUINA_SEMAFORO_CRUCE/count[10]_LDC/Q (HIGH)

 There are 21 register/latch pins with no clock driven by root clock pin: MAQUINA_SEMAFORO_CRUCE/count[10]_P/Q (HIGH)

 There are 20 register/latch pins with no clock driven by root clock pin: MAQUINA_SEMAFORO_CRUCE/count[11]_C/Q (HIGH)

 There are 20 register/latch pins with no clock driven by root clock pin: MAQUINA_SEMAFORO_CRUCE/count[11]_LDC/Q (HIGH)

 There are 20 register/latch pins with no clock driven by root clock pin: MAQUINA_SEMAFORO_CRUCE/count[11]_P/Q (HIGH)

 There are 19 register/latch pins with no clock driven by root clock pin: MAQUINA_SEMAFORO_CRUCE/count[12]_C/Q (HIGH)

 There are 19 register/latch pins with no clock driven by root clock pin: MAQUINA_SEMAFORO_CRUCE/count[12]_LDC/Q (HIGH)

 There are 19 register/latch pins with no clock driven by root clock pin: MAQUINA_SEMAFORO_CRUCE/count[12]_P/Q (HIGH)

 There are 18 register/latch pins with no clock driven by root clock pin: MAQUINA_SEMAFORO_CRUCE/count[13]_C/Q (HIGH)

 There are 18 register/latch pins with no clock driven by root clock pin: MAQUINA_SEMAFORO_CRUCE/count[13]_LDC/Q (HIGH)

 There are 18 register/latch pins with no clock driven by root clock pin: MAQUINA_SEMAFORO_CRUCE/count[13]_P/Q (HIGH)

 There are 17 register/latch pins with no clock driven by root clock pin: MAQUINA_SEMAFORO_CRUCE/count[14]_C/Q (HIGH)

 There are 17 register/latch pins with no clock driven by root clock pin: MAQUINA_SEMAFORO_CRUCE/count[14]_LDC/Q (HIGH)

 There are 17 register/latch pins with no clock driven by root clock pin: MAQUINA_SEMAFORO_CRUCE/count[14]_P/Q (HIGH)

 There are 16 register/latch pins with no clock driven by root clock pin: MAQUINA_SEMAFORO_CRUCE/count[15]_C/Q (HIGH)

 There are 16 register/latch pins with no clock driven by root clock pin: MAQUINA_SEMAFORO_CRUCE/count[15]_LDC/Q (HIGH)

 There are 16 register/latch pins with no clock driven by root clock pin: MAQUINA_SEMAFORO_CRUCE/count[15]_P/Q (HIGH)

 There are 15 register/latch pins with no clock driven by root clock pin: MAQUINA_SEMAFORO_CRUCE/count[16]_C/Q (HIGH)

 There are 15 register/latch pins with no clock driven by root clock pin: MAQUINA_SEMAFORO_CRUCE/count[16]_LDC/Q (HIGH)

 There are 15 register/latch pins with no clock driven by root clock pin: MAQUINA_SEMAFORO_CRUCE/count[16]_P/Q (HIGH)

 There are 14 register/latch pins with no clock driven by root clock pin: MAQUINA_SEMAFORO_CRUCE/count[17]_C/Q (HIGH)

 There are 14 register/latch pins with no clock driven by root clock pin: MAQUINA_SEMAFORO_CRUCE/count[17]_LDC/Q (HIGH)

 There are 14 register/latch pins with no clock driven by root clock pin: MAQUINA_SEMAFORO_CRUCE/count[17]_P/Q (HIGH)

 There are 13 register/latch pins with no clock driven by root clock pin: MAQUINA_SEMAFORO_CRUCE/count[18]_C/Q (HIGH)

 There are 13 register/latch pins with no clock driven by root clock pin: MAQUINA_SEMAFORO_CRUCE/count[18]_LDC/Q (HIGH)

 There are 13 register/latch pins with no clock driven by root clock pin: MAQUINA_SEMAFORO_CRUCE/count[18]_P/Q (HIGH)

 There are 12 register/latch pins with no clock driven by root clock pin: MAQUINA_SEMAFORO_CRUCE/count[19]_C/Q (HIGH)

 There are 12 register/latch pins with no clock driven by root clock pin: MAQUINA_SEMAFORO_CRUCE/count[19]_LDC/Q (HIGH)

 There are 12 register/latch pins with no clock driven by root clock pin: MAQUINA_SEMAFORO_CRUCE/count[19]_P/Q (HIGH)

 There are 29 register/latch pins with no clock driven by root clock pin: MAQUINA_SEMAFORO_CRUCE/count[1]_C/Q (HIGH)

 There are 29 register/latch pins with no clock driven by root clock pin: MAQUINA_SEMAFORO_CRUCE/count[1]_LDC/Q (HIGH)

 There are 29 register/latch pins with no clock driven by root clock pin: MAQUINA_SEMAFORO_CRUCE/count[1]_P/Q (HIGH)

 There are 11 register/latch pins with no clock driven by root clock pin: MAQUINA_SEMAFORO_CRUCE/count[20]_C/Q (HIGH)

 There are 11 register/latch pins with no clock driven by root clock pin: MAQUINA_SEMAFORO_CRUCE/count[20]_LDC/Q (HIGH)

 There are 11 register/latch pins with no clock driven by root clock pin: MAQUINA_SEMAFORO_CRUCE/count[20]_P/Q (HIGH)

 There are 10 register/latch pins with no clock driven by root clock pin: MAQUINA_SEMAFORO_CRUCE/count[21]_C/Q (HIGH)

 There are 10 register/latch pins with no clock driven by root clock pin: MAQUINA_SEMAFORO_CRUCE/count[21]_LDC/Q (HIGH)

 There are 10 register/latch pins with no clock driven by root clock pin: MAQUINA_SEMAFORO_CRUCE/count[21]_P/Q (HIGH)

 There are 9 register/latch pins with no clock driven by root clock pin: MAQUINA_SEMAFORO_CRUCE/count[22]_C/Q (HIGH)

 There are 9 register/latch pins with no clock driven by root clock pin: MAQUINA_SEMAFORO_CRUCE/count[22]_LDC/Q (HIGH)

 There are 9 register/latch pins with no clock driven by root clock pin: MAQUINA_SEMAFORO_CRUCE/count[22]_P/Q (HIGH)

 There are 8 register/latch pins with no clock driven by root clock pin: MAQUINA_SEMAFORO_CRUCE/count[23]_C/Q (HIGH)

 There are 8 register/latch pins with no clock driven by root clock pin: MAQUINA_SEMAFORO_CRUCE/count[23]_LDC/Q (HIGH)

 There are 8 register/latch pins with no clock driven by root clock pin: MAQUINA_SEMAFORO_CRUCE/count[23]_P/Q (HIGH)

 There are 7 register/latch pins with no clock driven by root clock pin: MAQUINA_SEMAFORO_CRUCE/count[24]_C/Q (HIGH)

 There are 7 register/latch pins with no clock driven by root clock pin: MAQUINA_SEMAFORO_CRUCE/count[24]_LDC/Q (HIGH)

 There are 7 register/latch pins with no clock driven by root clock pin: MAQUINA_SEMAFORO_CRUCE/count[24]_P/Q (HIGH)

 There are 6 register/latch pins with no clock driven by root clock pin: MAQUINA_SEMAFORO_CRUCE/count[25]_C/Q (HIGH)

 There are 6 register/latch pins with no clock driven by root clock pin: MAQUINA_SEMAFORO_CRUCE/count[25]_LDC/Q (HIGH)

 There are 6 register/latch pins with no clock driven by root clock pin: MAQUINA_SEMAFORO_CRUCE/count[25]_P/Q (HIGH)

 There are 5 register/latch pins with no clock driven by root clock pin: MAQUINA_SEMAFORO_CRUCE/count[26]_C/Q (HIGH)

 There are 5 register/latch pins with no clock driven by root clock pin: MAQUINA_SEMAFORO_CRUCE/count[26]_LDC/Q (HIGH)

 There are 5 register/latch pins with no clock driven by root clock pin: MAQUINA_SEMAFORO_CRUCE/count[26]_P/Q (HIGH)

 There are 4 register/latch pins with no clock driven by root clock pin: MAQUINA_SEMAFORO_CRUCE/count[27]_C/Q (HIGH)

 There are 4 register/latch pins with no clock driven by root clock pin: MAQUINA_SEMAFORO_CRUCE/count[27]_LDC/Q (HIGH)

 There are 4 register/latch pins with no clock driven by root clock pin: MAQUINA_SEMAFORO_CRUCE/count[27]_P/Q (HIGH)

 There are 3 register/latch pins with no clock driven by root clock pin: MAQUINA_SEMAFORO_CRUCE/count[28]_C/Q (HIGH)

 There are 3 register/latch pins with no clock driven by root clock pin: MAQUINA_SEMAFORO_CRUCE/count[28]_LDC/Q (HIGH)

 There are 3 register/latch pins with no clock driven by root clock pin: MAQUINA_SEMAFORO_CRUCE/count[28]_P/Q (HIGH)

 There are 2 register/latch pins with no clock driven by root clock pin: MAQUINA_SEMAFORO_CRUCE/count[29]_C/Q (HIGH)

 There are 2 register/latch pins with no clock driven by root clock pin: MAQUINA_SEMAFORO_CRUCE/count[29]_LDC/Q (HIGH)

 There are 2 register/latch pins with no clock driven by root clock pin: MAQUINA_SEMAFORO_CRUCE/count[29]_P/Q (HIGH)

 There are 30 register/latch pins with no clock driven by root clock pin: MAQUINA_SEMAFORO_CRUCE/count[2]_C/Q (HIGH)

 There are 30 register/latch pins with no clock driven by root clock pin: MAQUINA_SEMAFORO_CRUCE/count[2]_LDC/Q (HIGH)

 There are 30 register/latch pins with no clock driven by root clock pin: MAQUINA_SEMAFORO_CRUCE/count[2]_P/Q (HIGH)

 There is 1 register/latch pin with no clock driven by root clock pin: MAQUINA_SEMAFORO_CRUCE/count[30]_C/Q (HIGH)

 There is 1 register/latch pin with no clock driven by root clock pin: MAQUINA_SEMAFORO_CRUCE/count[30]_LDC/Q (HIGH)

 There is 1 register/latch pin with no clock driven by root clock pin: MAQUINA_SEMAFORO_CRUCE/count[30]_P/Q (HIGH)

 There are 28 register/latch pins with no clock driven by root clock pin: MAQUINA_SEMAFORO_CRUCE/count[3]_C/Q (HIGH)

 There are 28 register/latch pins with no clock driven by root clock pin: MAQUINA_SEMAFORO_CRUCE/count[3]_LDC/Q (HIGH)

 There are 28 register/latch pins with no clock driven by root clock pin: MAQUINA_SEMAFORO_CRUCE/count[3]_P/Q (HIGH)

 There are 27 register/latch pins with no clock driven by root clock pin: MAQUINA_SEMAFORO_CRUCE/count[4]_C/Q (HIGH)

 There are 27 register/latch pins with no clock driven by root clock pin: MAQUINA_SEMAFORO_CRUCE/count[4]_LDC/Q (HIGH)

 There are 27 register/latch pins with no clock driven by root clock pin: MAQUINA_SEMAFORO_CRUCE/count[4]_P/Q (HIGH)

 There are 26 register/latch pins with no clock driven by root clock pin: MAQUINA_SEMAFORO_CRUCE/count[5]_C/Q (HIGH)

 There are 26 register/latch pins with no clock driven by root clock pin: MAQUINA_SEMAFORO_CRUCE/count[5]_LDC/Q (HIGH)

 There are 26 register/latch pins with no clock driven by root clock pin: MAQUINA_SEMAFORO_CRUCE/count[5]_P/Q (HIGH)

 There are 25 register/latch pins with no clock driven by root clock pin: MAQUINA_SEMAFORO_CRUCE/count[6]_C/Q (HIGH)

 There are 25 register/latch pins with no clock driven by root clock pin: MAQUINA_SEMAFORO_CRUCE/count[6]_LDC/Q (HIGH)

 There are 25 register/latch pins with no clock driven by root clock pin: MAQUINA_SEMAFORO_CRUCE/count[6]_P/Q (HIGH)

 There are 24 register/latch pins with no clock driven by root clock pin: MAQUINA_SEMAFORO_CRUCE/count[7]_C/Q (HIGH)

 There are 24 register/latch pins with no clock driven by root clock pin: MAQUINA_SEMAFORO_CRUCE/count[7]_LDC/Q (HIGH)

 There are 24 register/latch pins with no clock driven by root clock pin: MAQUINA_SEMAFORO_CRUCE/count[7]_P/Q (HIGH)

 There are 27 register/latch pins with no clock driven by root clock pin: MAQUINA_SEMAFORO_CRUCE/count[8]_C/Q (HIGH)

 There are 23 register/latch pins with no clock driven by root clock pin: MAQUINA_SEMAFORO_CRUCE/count[8]_LDC/Q (HIGH)

 There are 27 register/latch pins with no clock driven by root clock pin: MAQUINA_SEMAFORO_CRUCE/count[8]_P/Q (HIGH)

 There are 26 register/latch pins with no clock driven by root clock pin: MAQUINA_SEMAFORO_CRUCE/count[9]_C/Q (HIGH)

 There are 22 register/latch pins with no clock driven by root clock pin: MAQUINA_SEMAFORO_CRUCE/count[9]_LDC/Q (HIGH)

 There are 26 register/latch pins with no clock driven by root clock pin: MAQUINA_SEMAFORO_CRUCE/count[9]_P/Q (HIGH)

 There are 32 register/latch pins with no clock driven by root clock pin: MAQUINA_SEMAFORO_CRUCE/nextstate_cruce_reg[0]/Q (HIGH)

 There are 32 register/latch pins with no clock driven by root clock pin: MAQUINA_SEMAFORO_CRUCE/nextstate_cruce_reg[1]/Q (HIGH)

 There are 32 register/latch pins with no clock driven by root clock pin: MAQUINA_SEMAFORO_CRUCE/nextstate_cruce_reg[2]/Q (HIGH)

 There are 64 register/latch pins with no clock driven by root clock pin: MAQUINA_SEMAFORO_PASO/TIMER/clk_state_reg/Q (HIGH)

 There are 31 register/latch pins with no clock driven by root clock pin: MAQUINA_SEMAFORO_PASO/count[0]_C/Q (HIGH)

 There are 31 register/latch pins with no clock driven by root clock pin: MAQUINA_SEMAFORO_PASO/count[0]_LDC/Q (HIGH)

 There are 31 register/latch pins with no clock driven by root clock pin: MAQUINA_SEMAFORO_PASO/count[0]_P/Q (HIGH)

 There are 21 register/latch pins with no clock driven by root clock pin: MAQUINA_SEMAFORO_PASO/count[10]_C/Q (HIGH)

 There are 21 register/latch pins with no clock driven by root clock pin: MAQUINA_SEMAFORO_PASO/count[10]_LDC/Q (HIGH)

 There are 21 register/latch pins with no clock driven by root clock pin: MAQUINA_SEMAFORO_PASO/count[10]_P/Q (HIGH)

 There are 20 register/latch pins with no clock driven by root clock pin: MAQUINA_SEMAFORO_PASO/count[11]_C/Q (HIGH)

 There are 20 register/latch pins with no clock driven by root clock pin: MAQUINA_SEMAFORO_PASO/count[11]_LDC/Q (HIGH)

 There are 20 register/latch pins with no clock driven by root clock pin: MAQUINA_SEMAFORO_PASO/count[11]_P/Q (HIGH)

 There are 19 register/latch pins with no clock driven by root clock pin: MAQUINA_SEMAFORO_PASO/count[12]_C/Q (HIGH)

 There are 19 register/latch pins with no clock driven by root clock pin: MAQUINA_SEMAFORO_PASO/count[12]_LDC/Q (HIGH)

 There are 19 register/latch pins with no clock driven by root clock pin: MAQUINA_SEMAFORO_PASO/count[12]_P/Q (HIGH)

 There are 18 register/latch pins with no clock driven by root clock pin: MAQUINA_SEMAFORO_PASO/count[13]_C/Q (HIGH)

 There are 18 register/latch pins with no clock driven by root clock pin: MAQUINA_SEMAFORO_PASO/count[13]_LDC/Q (HIGH)

 There are 18 register/latch pins with no clock driven by root clock pin: MAQUINA_SEMAFORO_PASO/count[13]_P/Q (HIGH)

 There are 17 register/latch pins with no clock driven by root clock pin: MAQUINA_SEMAFORO_PASO/count[14]_C/Q (HIGH)

 There are 17 register/latch pins with no clock driven by root clock pin: MAQUINA_SEMAFORO_PASO/count[14]_LDC/Q (HIGH)

 There are 17 register/latch pins with no clock driven by root clock pin: MAQUINA_SEMAFORO_PASO/count[14]_P/Q (HIGH)

 There are 16 register/latch pins with no clock driven by root clock pin: MAQUINA_SEMAFORO_PASO/count[15]_C/Q (HIGH)

 There are 16 register/latch pins with no clock driven by root clock pin: MAQUINA_SEMAFORO_PASO/count[15]_LDC/Q (HIGH)

 There are 16 register/latch pins with no clock driven by root clock pin: MAQUINA_SEMAFORO_PASO/count[15]_P/Q (HIGH)

 There are 15 register/latch pins with no clock driven by root clock pin: MAQUINA_SEMAFORO_PASO/count[16]_C/Q (HIGH)

 There are 15 register/latch pins with no clock driven by root clock pin: MAQUINA_SEMAFORO_PASO/count[16]_LDC/Q (HIGH)

 There are 15 register/latch pins with no clock driven by root clock pin: MAQUINA_SEMAFORO_PASO/count[16]_P/Q (HIGH)

 There are 14 register/latch pins with no clock driven by root clock pin: MAQUINA_SEMAFORO_PASO/count[17]_C/Q (HIGH)

 There are 14 register/latch pins with no clock driven by root clock pin: MAQUINA_SEMAFORO_PASO/count[17]_LDC/Q (HIGH)

 There are 14 register/latch pins with no clock driven by root clock pin: MAQUINA_SEMAFORO_PASO/count[17]_P/Q (HIGH)

 There are 13 register/latch pins with no clock driven by root clock pin: MAQUINA_SEMAFORO_PASO/count[18]_C/Q (HIGH)

 There are 13 register/latch pins with no clock driven by root clock pin: MAQUINA_SEMAFORO_PASO/count[18]_LDC/Q (HIGH)

 There are 13 register/latch pins with no clock driven by root clock pin: MAQUINA_SEMAFORO_PASO/count[18]_P/Q (HIGH)

 There are 12 register/latch pins with no clock driven by root clock pin: MAQUINA_SEMAFORO_PASO/count[19]_C/Q (HIGH)

 There are 12 register/latch pins with no clock driven by root clock pin: MAQUINA_SEMAFORO_PASO/count[19]_LDC/Q (HIGH)

 There are 12 register/latch pins with no clock driven by root clock pin: MAQUINA_SEMAFORO_PASO/count[19]_P/Q (HIGH)

 There are 22 register/latch pins with no clock driven by root clock pin: MAQUINA_SEMAFORO_PASO/count[1]_C/Q (HIGH)

 There are 22 register/latch pins with no clock driven by root clock pin: MAQUINA_SEMAFORO_PASO/count[1]_LDC/Q (HIGH)

 There are 22 register/latch pins with no clock driven by root clock pin: MAQUINA_SEMAFORO_PASO/count[1]_P/Q (HIGH)

 There are 11 register/latch pins with no clock driven by root clock pin: MAQUINA_SEMAFORO_PASO/count[20]_C/Q (HIGH)

 There are 11 register/latch pins with no clock driven by root clock pin: MAQUINA_SEMAFORO_PASO/count[20]_LDC/Q (HIGH)

 There are 11 register/latch pins with no clock driven by root clock pin: MAQUINA_SEMAFORO_PASO/count[20]_P/Q (HIGH)

 There are 10 register/latch pins with no clock driven by root clock pin: MAQUINA_SEMAFORO_PASO/count[21]_C/Q (HIGH)

 There are 10 register/latch pins with no clock driven by root clock pin: MAQUINA_SEMAFORO_PASO/count[21]_LDC/Q (HIGH)

 There are 10 register/latch pins with no clock driven by root clock pin: MAQUINA_SEMAFORO_PASO/count[21]_P/Q (HIGH)

 There are 9 register/latch pins with no clock driven by root clock pin: MAQUINA_SEMAFORO_PASO/count[22]_C/Q (HIGH)

 There are 9 register/latch pins with no clock driven by root clock pin: MAQUINA_SEMAFORO_PASO/count[22]_LDC/Q (HIGH)

 There are 9 register/latch pins with no clock driven by root clock pin: MAQUINA_SEMAFORO_PASO/count[22]_P/Q (HIGH)

 There are 8 register/latch pins with no clock driven by root clock pin: MAQUINA_SEMAFORO_PASO/count[23]_C/Q (HIGH)

 There are 8 register/latch pins with no clock driven by root clock pin: MAQUINA_SEMAFORO_PASO/count[23]_LDC/Q (HIGH)

 There are 8 register/latch pins with no clock driven by root clock pin: MAQUINA_SEMAFORO_PASO/count[23]_P/Q (HIGH)

 There are 7 register/latch pins with no clock driven by root clock pin: MAQUINA_SEMAFORO_PASO/count[24]_C/Q (HIGH)

 There are 7 register/latch pins with no clock driven by root clock pin: MAQUINA_SEMAFORO_PASO/count[24]_LDC/Q (HIGH)

 There are 7 register/latch pins with no clock driven by root clock pin: MAQUINA_SEMAFORO_PASO/count[24]_P/Q (HIGH)

 There are 6 register/latch pins with no clock driven by root clock pin: MAQUINA_SEMAFORO_PASO/count[25]_C/Q (HIGH)

 There are 6 register/latch pins with no clock driven by root clock pin: MAQUINA_SEMAFORO_PASO/count[25]_LDC/Q (HIGH)

 There are 6 register/latch pins with no clock driven by root clock pin: MAQUINA_SEMAFORO_PASO/count[25]_P/Q (HIGH)

 There are 5 register/latch pins with no clock driven by root clock pin: MAQUINA_SEMAFORO_PASO/count[26]_C/Q (HIGH)

 There are 5 register/latch pins with no clock driven by root clock pin: MAQUINA_SEMAFORO_PASO/count[26]_LDC/Q (HIGH)

 There are 5 register/latch pins with no clock driven by root clock pin: MAQUINA_SEMAFORO_PASO/count[26]_P/Q (HIGH)

 There are 4 register/latch pins with no clock driven by root clock pin: MAQUINA_SEMAFORO_PASO/count[27]_C/Q (HIGH)

 There are 4 register/latch pins with no clock driven by root clock pin: MAQUINA_SEMAFORO_PASO/count[27]_LDC/Q (HIGH)

 There are 4 register/latch pins with no clock driven by root clock pin: MAQUINA_SEMAFORO_PASO/count[27]_P/Q (HIGH)

 There are 3 register/latch pins with no clock driven by root clock pin: MAQUINA_SEMAFORO_PASO/count[28]_C/Q (HIGH)

 There are 3 register/latch pins with no clock driven by root clock pin: MAQUINA_SEMAFORO_PASO/count[28]_LDC/Q (HIGH)

 There are 3 register/latch pins with no clock driven by root clock pin: MAQUINA_SEMAFORO_PASO/count[28]_P/Q (HIGH)

 There are 2 register/latch pins with no clock driven by root clock pin: MAQUINA_SEMAFORO_PASO/count[29]_C/Q (HIGH)

 There are 2 register/latch pins with no clock driven by root clock pin: MAQUINA_SEMAFORO_PASO/count[29]_LDC/Q (HIGH)

 There are 2 register/latch pins with no clock driven by root clock pin: MAQUINA_SEMAFORO_PASO/count[29]_P/Q (HIGH)

 There are 22 register/latch pins with no clock driven by root clock pin: MAQUINA_SEMAFORO_PASO/count[2]_C/Q (HIGH)

 There are 22 register/latch pins with no clock driven by root clock pin: MAQUINA_SEMAFORO_PASO/count[2]_LDC/Q (HIGH)

 There are 22 register/latch pins with no clock driven by root clock pin: MAQUINA_SEMAFORO_PASO/count[2]_P/Q (HIGH)

 There is 1 register/latch pin with no clock driven by root clock pin: MAQUINA_SEMAFORO_PASO/count[30]_C/Q (HIGH)

 There is 1 register/latch pin with no clock driven by root clock pin: MAQUINA_SEMAFORO_PASO/count[30]_LDC/Q (HIGH)

 There is 1 register/latch pin with no clock driven by root clock pin: MAQUINA_SEMAFORO_PASO/count[30]_P/Q (HIGH)

 There are 22 register/latch pins with no clock driven by root clock pin: MAQUINA_SEMAFORO_PASO/count[3]_C/Q (HIGH)

 There are 22 register/latch pins with no clock driven by root clock pin: MAQUINA_SEMAFORO_PASO/count[3]_LDC/Q (HIGH)

 There are 22 register/latch pins with no clock driven by root clock pin: MAQUINA_SEMAFORO_PASO/count[3]_P/Q (HIGH)

 There are 22 register/latch pins with no clock driven by root clock pin: MAQUINA_SEMAFORO_PASO/count[4]_C/Q (HIGH)

 There are 22 register/latch pins with no clock driven by root clock pin: MAQUINA_SEMAFORO_PASO/count[4]_LDC/Q (HIGH)

 There are 22 register/latch pins with no clock driven by root clock pin: MAQUINA_SEMAFORO_PASO/count[4]_P/Q (HIGH)

 There are 22 register/latch pins with no clock driven by root clock pin: MAQUINA_SEMAFORO_PASO/count[5]_C/Q (HIGH)

 There are 22 register/latch pins with no clock driven by root clock pin: MAQUINA_SEMAFORO_PASO/count[5]_LDC/Q (HIGH)

 There are 22 register/latch pins with no clock driven by root clock pin: MAQUINA_SEMAFORO_PASO/count[5]_P/Q (HIGH)

 There are 22 register/latch pins with no clock driven by root clock pin: MAQUINA_SEMAFORO_PASO/count[6]_C/Q (HIGH)

 There are 22 register/latch pins with no clock driven by root clock pin: MAQUINA_SEMAFORO_PASO/count[6]_LDC/Q (HIGH)

 There are 22 register/latch pins with no clock driven by root clock pin: MAQUINA_SEMAFORO_PASO/count[6]_P/Q (HIGH)

 There are 22 register/latch pins with no clock driven by root clock pin: MAQUINA_SEMAFORO_PASO/count[7]_C/Q (HIGH)

 There are 22 register/latch pins with no clock driven by root clock pin: MAQUINA_SEMAFORO_PASO/count[7]_LDC/Q (HIGH)

 There are 22 register/latch pins with no clock driven by root clock pin: MAQUINA_SEMAFORO_PASO/count[7]_P/Q (HIGH)

 There are 22 register/latch pins with no clock driven by root clock pin: MAQUINA_SEMAFORO_PASO/count[8]_C/Q (HIGH)

 There are 22 register/latch pins with no clock driven by root clock pin: MAQUINA_SEMAFORO_PASO/count[8]_LDC/Q (HIGH)

 There are 22 register/latch pins with no clock driven by root clock pin: MAQUINA_SEMAFORO_PASO/count[8]_P/Q (HIGH)

 There are 22 register/latch pins with no clock driven by root clock pin: MAQUINA_SEMAFORO_PASO/count[9]_C/Q (HIGH)

 There are 22 register/latch pins with no clock driven by root clock pin: MAQUINA_SEMAFORO_PASO/count[9]_LDC/Q (HIGH)

 There are 22 register/latch pins with no clock driven by root clock pin: MAQUINA_SEMAFORO_PASO/count[9]_P/Q (HIGH)

 There are 32 register/latch pins with no clock driven by root clock pin: MAQUINA_SEMAFORO_PASO/nextstate_paso_reg[0]/Q (HIGH)

 There are 32 register/latch pins with no clock driven by root clock pin: MAQUINA_SEMAFORO_PASO/nextstate_paso_reg[1]/Q (HIGH)

 There are 32 register/latch pins with no clock driven by root clock pin: MAQUINA_SEMAFORO_PASO/nextstate_paso_reg[2]/Q (HIGH)

 There are 14 register/latch pins with no clock driven by root clock pin: PRESCALER/clk_state_reg/Q (HIGH)


2. checking constant_clock
--------------------------
 There are 0 register/latch pins with constant_clock.


3. checking pulse_width_clock
-----------------------------
 There are 0 register/latch pins which need pulse_width check


4. checking unconstrained_internal_endpoints
--------------------------------------------
 There are 397 pins that are not constrained for maximum delay. (HIGH)

 There are 0 pins that are not constrained for maximum delay due to constant clock.


5. checking no_input_delay
--------------------------
 There are 3 input ports with no input delay specified. (HIGH)

 There are 0 input ports with no input delay but user has a false path constraint.


6. checking no_output_delay
---------------------------
 There are 11 ports with no output delay specified. (HIGH)

 There are 0 ports with no output delay but user has a false path constraint

 There are 0 ports with no output delay but with a timing clock defined on it or propagating through it


7. checking multiple_clock
--------------------------
 There are 0 register/latch pins with multiple clocks.


8. checking generated_clocks
----------------------------
 There are 0 generated clocks that are not connected to a clock source.


9. checking loops
-----------------
 There are 0 combinational loops in the design.


10. checking partial_input_delay
--------------------------------
 There are 0 input ports with partial input delay specified.


11. checking partial_output_delay
---------------------------------
 There are 0 ports with partial output delay specified.


12. checking latch_loops
------------------------
 There are 6 combinational latch loops in the design through latch input (HIGH)



------------------------------------------------------------------------------------------------
| Design Timing Summary
| ---------------------
------------------------------------------------------------------------------------------------

    WNS(ns)      TNS(ns)  TNS Failing Endpoints  TNS Total Endpoints      WHS(ns)      THS(ns)  THS Failing Endpoints  THS Total Endpoints     WPWS(ns)     TPWS(ns)  TPWS Failing Endpoints  TPWS Total Endpoints  
    -------      -------  ---------------------  -------------------      -------      -------  ---------------------  -------------------     --------     --------  ----------------------  --------------------  
         NA           NA                     NA                   NA           NA           NA                     NA                   NA           NA           NA                      NA                    NA  


There are no user specified timing constraints.


------------------------------------------------------------------------------------------------
| Clock Summary
| -------------
------------------------------------------------------------------------------------------------


------------------------------------------------------------------------------------------------
| Intra Clock Table
| -----------------
------------------------------------------------------------------------------------------------

Clock             WNS(ns)      TNS(ns)  TNS Failing Endpoints  TNS Total Endpoints      WHS(ns)      THS(ns)  THS Failing Endpoints  THS Total Endpoints     WPWS(ns)     TPWS(ns)  TPWS Failing Endpoints  TPWS Total Endpoints  
-----             -------      -------  ---------------------  -------------------      -------      -------  ---------------------  -------------------     --------     --------  ----------------------  --------------------  


------------------------------------------------------------------------------------------------
| Inter Clock Table
| -----------------
------------------------------------------------------------------------------------------------

From Clock    To Clock          WNS(ns)      TNS(ns)  TNS Failing Endpoints  TNS Total Endpoints      WHS(ns)      THS(ns)  THS Failing Endpoints  THS Total Endpoints  
----------    --------          -------      -------  ---------------------  -------------------      -------      -------  ---------------------  -------------------  


------------------------------------------------------------------------------------------------
| Other Path Groups Table
| -----------------------
------------------------------------------------------------------------------------------------

Path Group    From Clock    To Clock          WNS(ns)      TNS(ns)  TNS Failing Endpoints  TNS Total Endpoints      WHS(ns)      THS(ns)  THS Failing Endpoints  THS Total Endpoints  
----------    ----------    --------          -------      -------  ---------------------  -------------------      -------      -------  ---------------------  -------------------  


------------------------------------------------------------------------------------------------
| Timing Details
| --------------
------------------------------------------------------------------------------------------------


