Copyright 1986-2019 Xilinx, Inc. All Rights Reserved.
------------------------------------------------------------------------------------
| Tool Version : Vivado v.2019.1 (win64) Build 2552052 Fri May 24 14:49:42 MDT 2019
| Date         : Mon Jan 20 17:33:32 2020
| Host         : LAPTOP-CG3U7DTI running 64-bit major release  (build 9200)
| Command      : report_control_sets -verbose -file trabajo_control_sets_placed.rpt
| Design       : trabajo
| Device       : xc7a100t
------------------------------------------------------------------------------------

Control Set Information

Table of Contents
-----------------
1. Summary
2. Histogram
3. Flip-Flop Distribution
4. Detailed Control Set Information

1. Summary
----------

+----------------------------------------------------------+-------+
|                          Status                          | Count |
+----------------------------------------------------------+-------+
| Total control sets                                       |     8 |
|    Minimum number of control sets                        |     8 |
|    Addition due to synthesis replication                 |     0 |
|    Addition due to physical synthesis replication        |     0 |
| Unused register locations in slices containing registers |    36 |
+----------------------------------------------------------+-------+
* Control sets can be merged at opt_design using control_set_merge or merge_equivalent_drivers
** Run report_qor_suggestions for automated merging and remapping suggestions


2. Histogram
------------

+--------------------+-------+
|       Fanout       | Count |
+--------------------+-------+
| Total control sets |     8 |
| >= 0 to < 4        |     2 |
| >= 4 to < 6        |     0 |
| >= 6 to < 8        |     2 |
| >= 8 to < 10       |     1 |
| >= 10 to < 12      |     0 |
| >= 12 to < 14      |     0 |
| >= 14 to < 16      |     0 |
| >= 16              |     3 |
+--------------------+-------+
* Control sets can be remapped at either synth_design or opt_design


3. Flip-Flop Distribution
-------------------------

+--------------+-----------------------+------------------------+-----------------+--------------+
| Clock Enable | Synchronous Set/Reset | Asynchronous Set/Reset | Total Registers | Total Slices |
+--------------+-----------------------+------------------------+-----------------+--------------+
| No           | No                    | No                     |              11 |            7 |
| No           | No                    | Yes                    |               0 |            0 |
| No           | Yes                   | No                     |              31 |           10 |
| Yes          | No                    | No                     |               0 |            0 |
| Yes          | No                    | Yes                    |               0 |            0 |
| Yes          | Yes                   | No                     |              58 |           16 |
+--------------+-----------------------+------------------------+-----------------+--------------+


4. Detailed Control Set Information
-----------------------------------

+----------------+--------------------------------------------+------------------------------------------+------------------+----------------+
|  Clock Signal  |                Enable Signal               |             Set/Reset Signal             | Slice Load Count | Bel Load Count |
+----------------+--------------------------------------------+------------------------------------------+------------------+----------------+
|  clk_IBUF_BUFG |                                            |                                          |                1 |              1 |
|  PRESCALER/CLK |                                            |                                          |                1 |              1 |
|  clk1Hz_BUFG   |                                            | reset_IBUF                               |                3 |              6 |
|  PRESCALER/CLK |                                            | TIMER/TIMER/_n_0                         |                2 |              6 |
|  clk1Hz_BUFG   |                                            |                                          |                5 |              9 |
|  clk_IBUF_BUFG |                                            | PRESCALER/clear                          |                5 |             19 |
|  clk1Hz_BUFG   | MAQUINA_SEMAFORO_PASO/count[31]_i_2__0_n_0 | MAQUINA_SEMAFORO_PASO/count[31]_i_1_n_0  |                8 |             29 |
|  clk1Hz_BUFG   | MAQUINA_SEMAFORO_CRUCE/count[31]_i_2_n_0   | MAQUINA_SEMAFORO_CRUCE/count[31]_i_1_n_0 |                8 |             29 |
+----------------+--------------------------------------------+------------------------------------------+------------------+----------------+


