#-----------------------------------------------------------
# Vivado v2019.1 (64-bit)
# SW Build 2552052 on Fri May 24 14:49:42 MDT 2019
# IP Build 2548770 on Fri May 24 18:01:18 MDT 2019
# Start of session at: Thu Jan  2 11:25:57 2020
# Process ID: 7260
# Current directory: D:/UNIVERSIDAD/CUARTO/PRIMER SEMESTRE/SIST. ELECTRNICOS DIGITALES/PRCTICAS/trabajo
# Command line: vivado.exe -gui_launcher_event rodinguilauncherevent15988 D:\UNIVERSIDAD\CUARTO\PRIMER SEMESTRE\SIST. ELECTRNICOS DIGITALES\PRCTICAS\trabajo\trabajo.xpr
# Log file: D:/UNIVERSIDAD/CUARTO/PRIMER SEMESTRE/SIST. ELECTRNICOS DIGITALES/PRCTICAS/trabajo/vivado.log
# Journal file: D:/UNIVERSIDAD/CUARTO/PRIMER SEMESTRE/SIST. ELECTRNICOS DIGITALES/PRCTICAS/trabajo\vivado.jou
#-----------------------------------------------------------
start_gui
open_project {D:/UNIVERSIDAD/CUARTO/PRIMER SEMESTRE/SIST. ELECTRNICOS DIGITALES/PRCTICAS/trabajo/trabajo.xpr}
INFO: [ProjectBase 1-489] The host OS only allows 260 characters in a normal path. The project is stored in a path with more than 80 characters. If you experience issues with IP, Block Designs, or files not being found, please consider moving the project to a location with a shorter path. Alternately consider using the OS subst command to map part of the path to a drive letter.
Current project path is 'D:/UNIVERSIDAD/CUARTO/PRIMER SEMESTRE/SIST. ELECTRNICOS DIGITALES/PRCTICAS/trabajo'
Scanning sources...
Finished scanning sources
INFO: [IP_Flow 19-234] Refreshing IP repositories
INFO: [IP_Flow 19-1704] No user IP repositories specified
INFO: [IP_Flow 19-2313] Loaded Vivado IP repository 'D:/Vivado/2019.1/data/ip'.
open_project: Time (s): cpu = 00:00:13 ; elapsed = 00:00:06 . Memory (MB): peak = 703.672 ; gain = 74.434
update_compile_order -fileset sources_1
exfile mkdir D:/UNIVERSIDAD/CUARTO/PRIMER SEMESTRE/SIST. ELECTRNICOS DIGITALES/PRCTICAS/trabajo/trabajo.srcs/sim_1/new
file mkdir D:/UNIVERSIDAD/CUARTO/PRIMER SEMESTRE/SIST. ELECTRNICOS DIGITALES/PRCTICAS/trabajo/trabajo.srcs/sim_1/new
file mkdir D:/UNIVERSIDAD/CUARTO/PRIMER SEMESTRE/SIST. ELECTRNICOS DIGITALES/PRCTICAS/trabajo/trabajo.srcs/sim_1/new
file mkdir D:/UNIVERSIDAD/CUARTO/PRIMER SEMESTRE/SIST. ELECTRNICOS DIGITALES/PRCTICAS/trabajo/trabajo.srcs/sim_1/new
file mkdir D:/UNIVERSIDAD/CUARTO/PRIMER SEMESTRE/SIST. ELECTRNICOS DIGITALES/PRCTICAS/trabajo/trabajo.srcs/sim_1/new
set_property SOURCE_SET sources_1 [get_filesets sim_1]
file mkdir D:/UNIVERSIDAD/CUARTO/PRIMER SEMESTRE/SIST. ELECTRNICOS DIGITALES/PRCTICAS/trabajo/trabajo.srcs/sim_1/new
file mkdir {D:/UNIVERSIDAD/CUARTO/PRIMER SEMESTRE/SIST. ELECTRNICOS DIGITALES/PRCTICAS/trabajo/trabajo.srcs/sim_1/new}
close [ open {D:/UNIVERSIDAD/CUARTO/PRIMER SEMESTRE/SIST. ELECTRNICOS DIGITALES/PRCTICAS/trabajo/trabajo.srcs/sim_1/new/trabajo_tb.vhd} w ]
add_files -fileset sim_1 {{D:/UNIVERSIDAD/CUARTO/PRIMER SEMESTRE/SIST. ELECTRNICOS DIGITALES/PRCTICAS/trabajo/trabajo.srcs/sim_1/new/trabajo_tb.vhd}}
update_compile_order -fileset sim_1
set_property top trabajo_tb [get_filesets sim_1]
set_property top_lib xil_defaultlib [get_filesets sim_1]
update_compile_order -fileset sim_1
exit
INFO: [Common 17-206] Exiting Vivado at Thu Jan  2 12:01:44 2020...
