#-----------------------------------------------------------
# Vivado v2019.1 (64-bit)
# SW Build 2552052 on Fri May 24 14:49:42 MDT 2019
# IP Build 2548770 on Fri May 24 18:01:18 MDT 2019
# Start of session at: Fri Jan 17 17:35:40 2020
# Process ID: 16316
# Current directory: C:/Users/Aitana/Desktop/trabajo_vhdl/VHDL/TRABAJO_VHDL
# Command line: vivado.exe -gui_launcher_event rodinguilauncherevent12212 C:\Users\Aitana\Desktop\trabajo_vhdl\VHDL\TRABAJO_VHDL\trabajo.xpr
# Log file: C:/Users/Aitana/Desktop/trabajo_vhdl/VHDL/TRABAJO_VHDL/vivado.log
# Journal file: C:/Users/Aitana/Desktop/trabajo_vhdl/VHDL/TRABAJO_VHDL\vivado.jou
#-----------------------------------------------------------
start_gui
open_project C:/Users/Aitana/Desktop/trabajo_vhdl/VHDL/TRABAJO_VHDL/trabajo.xpr
Scanning sources...
Finished scanning sources
INFO: [IP_Flow 19-234] Refreshing IP repositories
INFO: [IP_Flow 19-1704] No user IP repositories specified
INFO: [IP_Flow 19-2313] Loaded Vivado IP repository 'D:/Vivado/2019.1/data/ip'.
open_project: Time (s): cpu = 00:00:22 ; elapsed = 00:00:18 . Memory (MB): peak = 695.543 ; gain = 70.016
update_compile_order -fileset sources_1
exit
INFO: [Common 17-206] Exiting Vivado at Fri Jan 17 17:36:58 2020...
