#-----------------------------------------------------------
# Vivado v2019.1 (64-bit)
# SW Build 2552052 on Fri May 24 14:49:42 MDT 2019
# IP Build 2548770 on Fri May 24 18:01:18 MDT 2019
# Start of session at: Thu Jan 16 18:53:57 2020
# Process ID: 7192
# Current directory: C:/Users/guill/Documents/SED/TRABAJO_VHDL
# Command line: vivado.exe -gui_launcher_event rodinguilauncherevent10500 C:\Users\guill\Documents\SED\TRABAJO_VHDL\trabajo.xpr
# Log file: C:/Users/guill/Documents/SED/TRABAJO_VHDL/vivado.log
# Journal file: C:/Users/guill/Documents/SED/TRABAJO_VHDL\vivado.jou
#-----------------------------------------------------------
start_gui
open_project C:/Users/guill/Documents/SED/TRABAJO_VHDL/trabajo.xpr
INFO: [Project 1-313] Project file moved from 'D:/UNIVERSIDAD/CUARTO/PRIMER SEMESTRE/SIST. ELECTRNICOS DIGITALES/PRCTICAS/trabajo' since last save.
CRITICAL WARNING: [Project 1-311] Could not find the file 'C:/Users/guill/Documents/SED/Nexys4DDR_Master.xdc', nor could it be found using path 'D:/UNIVERSIDAD/CUARTO/PRIMER SEMESTRE/SIST. ELECTRNICOS DIGITALES/PRCTICAS/Nexys4DDR_Master.xdc'.
Scanning sources...
Finished scanning sources
INFO: [IP_Flow 19-234] Refreshing IP repositories
INFO: [IP_Flow 19-1704] No user IP repositories specified
INFO: [IP_Flow 19-2313] Loaded Vivado IP repository 'C:/Xilinx/Vivado/2019.1/data/ip'.
open_project: Time (s): cpu = 00:00:17 ; elapsed = 00:00:26 . Memory (MB): peak = 680.809 ; gain = 87.598
update_compile_order -fileset sources_1
update_files -from_files C:/Users/guill/Documents/SED/TRABAJO_VHDL/Nexys4DDR_Master.xdc -to_files C:/Users/guill/Documents/SED/Nexys4DDR_Master.xdc -filesets [get_filesets *]
INFO: [filemgmt 20-762] Replacing file 'C:/Users/guill/Documents/SED/Nexys4DDR_Master.xdc' with file 'C:/Users/guill/Documents/SED/TRABAJO_VHDL/Nexys4DDR_Master.xdc'.
set_property target_constrs_file C:/Users/guill/Documents/SED/TRABAJO_VHDL/Nexys4DDR_Master.xdc [current_fileset -constrset]
exit
INFO: [Common 17-206] Exiting Vivado at Thu Jan 16 18:56:49 2020...
