#-----------------------------------------------------------
# Vivado v2019.1 (64-bit)
# SW Build 2552052 on Fri May 24 14:49:42 MDT 2019
# IP Build 2548770 on Fri May 24 18:01:18 MDT 2019
# Start of session at: Wed Jan 15 19:14:43 2020
# Process ID: 15452
# Current directory: D:/UNIVERSIDAD/CUARTO/PRIMER SEMESTRE/SIST. ELECTRNICOS DIGITALES/PRCTICAS/trabajo
# Command line: vivado.exe -gui_launcher_event rodinguilauncherevent11192 D:\UNIVERSIDAD\CUARTO\PRIMER SEMESTRE\SIST. ELECTRNICOS DIGITALES\PRCTICAS\trabajo\trabajo.xpr
# Log file: D:/UNIVERSIDAD/CUARTO/PRIMER SEMESTRE/SIST. ELECTRNICOS DIGITALES/PRCTICAS/trabajo/vivado.log
# Journal file: D:/UNIVERSIDAD/CUARTO/PRIMER SEMESTRE/SIST. ELECTRNICOS DIGITALES/PRCTICAS/trabajo\vivado.jou
#-----------------------------------------------------------
start_gui
open_project {D:/UNIVERSIDAD/CUARTO/PRIMER SEMESTRE/SIST. ELECTRNICOS DIGITALES/PRCTICAS/trabajo/trabajo.xpr}
INFO: [ProjectBase 1-489] The host OS only allows 260 characters in a normal path. The project is stored in a path with more than 80 characters. If you experience issues with IP, Block Designs, or files not being found, please consider moving the project to a location with a shorter path. Alternately consider using the OS subst command to map part of the path to a drive letter.
Current project path is 'D:/UNIVERSIDAD/CUARTO/PRIMER SEMESTRE/SIST. ELECTRNICOS DIGITALES/PRCTICAS/trabajo'
Scanning sources...
Finished scanning sources
INFO: [IP_Flow 19-234] Refreshing IP repositories
INFO: [IP_Flow 19-1704] No user IP repositories specified
INFO: [IP_Flow 19-2313] Loaded Vivado IP repository 'D:/Vivado/2019.1/data/ip'.
open_project: Time (s): cpu = 00:00:17 ; elapsed = 00:00:20 . Memory (MB): peak = 668.570 ; gain = 64.285
update_compile_order -fileset sources_1
exit
INFO: [Common 17-206] Exiting Vivado at Wed Jan 15 19:25:39 2020...
