#-----------------------------------------------------------
# Vivado v2019.1 (64-bit)
# SW Build 2552052 on Fri May 24 14:49:42 MDT 2019
# IP Build 2548770 on Fri May 24 18:01:18 MDT 2019
# Start of session at: Sun Jan 19 11:19:30 2020
# Process ID: 2544
# Current directory: C:/Users/Aitana/Desktop/trabajo_vhdl/VHDL/TRABAJO_VHDL
# Command line: vivado.exe -gui_launcher_event rodinguilauncherevent20764 C:\Users\Aitana\Desktop\trabajo_vhdl\VHDL\TRABAJO_VHDL\trabajo.xpr
# Log file: C:/Users/Aitana/Desktop/trabajo_vhdl/VHDL/TRABAJO_VHDL/vivado.log
# Journal file: C:/Users/Aitana/Desktop/trabajo_vhdl/VHDL/TRABAJO_VHDL\vivado.jou
#-----------------------------------------------------------
start_gui
open_project C:/Users/Aitana/Desktop/trabajo_vhdl/VHDL/TRABAJO_VHDL/trabajo.xpr
Scanning sources...
Finished scanning sources
INFO: [IP_Flow 19-234] Refreshing IP repositories
INFO: [IP_Flow 19-1704] No user IP repositories specified
INFO: [IP_Flow 19-2313] Loaded Vivado IP repository 'D:/Vivado/2019.1/data/ip'.
open_project: Time (s): cpu = 00:00:15 ; elapsed = 00:00:07 . Memory (MB): peak = 727.941 ; gain = 123.066
update_compile_order -fileset sources_1
close [ open C:/Users/Aitana/Desktop/trabajo_vhdl/VHDL/TRABAJO_VHDL/trabajo.srcs/sources_1/new/SEM_CARRETERA_PPAL.vhd w ]
add_files C:/Users/Aitana/Desktop/trabajo_vhdl/VHDL/TRABAJO_VHDL/trabajo.srcs/sources_1/new/SEM_CARRETERA_PPAL.vhd
update_compile_order -fileset sources_1
close [ open C:/Users/Aitana/Desktop/trabajo_vhdl/VHDL/TRABAJO_VHDL/trabajo.srcs/sources_1/new/SEM_CRUCE.vhd w ]
add_files C:/Users/Aitana/Desktop/trabajo_vhdl/VHDL/TRABAJO_VHDL/trabajo.srcs/sources_1/new/SEM_CRUCE.vhd
update_compile_order -fileset sources_1
update_compile_order -fileset sources_1
close [ open C:/Users/Aitana/Desktop/trabajo_vhdl/VHDL/TRABAJO_VHDL/trabajo.srcs/sources_1/new/SEM_PEATONES.vhd w ]
add_files C:/Users/Aitana/Desktop/trabajo_vhdl/VHDL/TRABAJO_VHDL/trabajo.srcs/sources_1/new/SEM_PEATONES.vhd
update_compile_order -fileset sources_1
update_compile_order -fileset sources_1
reset_run synth_1
launch_runs impl_1 -jobs 4
[Sun Jan 19 12:20:51 2020] Launched synth_1...
Run output will be captured here: C:/Users/Aitana/Desktop/trabajo_vhdl/VHDL/TRABAJO_VHDL/trabajo.runs/synth_1/runme.log
[Sun Jan 19 12:20:51 2020] Launched impl_1...
Run output will be captured here: C:/Users/Aitana/Desktop/trabajo_vhdl/VHDL/TRABAJO_VHDL/trabajo.runs/impl_1/runme.log
reset_run synth_1
launch_runs impl_1 -jobs 4
[Sun Jan 19 12:23:10 2020] Launched synth_1...
Run output will be captured here: C:/Users/Aitana/Desktop/trabajo_vhdl/VHDL/TRABAJO_VHDL/trabajo.runs/synth_1/runme.log
[Sun Jan 19 12:23:10 2020] Launched impl_1...
Run output will be captured here: C:/Users/Aitana/Desktop/trabajo_vhdl/VHDL/TRABAJO_VHDL/trabajo.runs/impl_1/runme.log
open_run impl_1
INFO: [Device 21-403] Loading part xc7a100tcsg324-1
INFO: [Netlist 29-17] Analyzing 27 Unisim elements for replacement
INFO: [Netlist 29-28] Unisim Transformation completed in 0 CPU seconds
INFO: [Project 1-479] Netlist was created with Vivado 2019.1
INFO: [Project 1-570] Preparing netlist for logic optimization
INFO: [Timing 38-478] Restoring timing data from binary archive.
INFO: [Timing 38-479] Binary timing data restore complete.
INFO: [Project 1-856] Restoring constraints from binary archive.
INFO: [Project 1-853] Binary constraint restore complete.
Reading XDEF placement.
Reading placer database...
Reading XDEF routing.
Read XDEF File: Time (s): cpu = 00:00:00 ; elapsed = 00:00:00.155 . Memory (MB): peak = 1723.484 ; gain = 0.000
Restored from archive | CPU: 0.000000 secs | Memory: 0.000000 MB |
Finished XDEF File Restore: Time (s): cpu = 00:00:00 ; elapsed = 00:00:00.155 . Memory (MB): peak = 1723.484 ; gain = 0.000
Netlist sorting complete. Time (s): cpu = 00:00:00 ; elapsed = 00:00:00 . Memory (MB): peak = 1723.484 ; gain = 0.000
INFO: [Project 1-111] Unisim Transformation Summary:
No Unisim elements were transformed.

open_run: Time (s): cpu = 00:00:34 ; elapsed = 00:00:30 . Memory (MB): peak = 1869.922 ; gain = 1048.520
WARNING: [Timing 38-313] There are no user specified timing constraints. Timing constraints are needed for proper timing analysis.
exit
INFO: [Common 17-206] Exiting Vivado at Sun Jan 19 12:45:31 2020...
