#-----------------------------------------------------------
# Vivado v2019.1 (64-bit)
# SW Build 2552052 on Fri May 24 14:49:42 MDT 2019
# IP Build 2548770 on Fri May 24 18:01:18 MDT 2019
# Start of session at: Thu Jan 16 22:00:16 2020
# Process ID: 16428
# Current directory: C:/Users/Aitana/Desktop/trabajo_vhdl/VHDL/TRABAJO_VHDL
# Command line: vivado.exe -gui_launcher_event rodinguilauncherevent7956 C:\Users\Aitana\Desktop\trabajo_vhdl\VHDL\TRABAJO_VHDL\trabajo.xpr
# Log file: C:/Users/Aitana/Desktop/trabajo_vhdl/VHDL/TRABAJO_VHDL/vivado.log
# Journal file: C:/Users/Aitana/Desktop/trabajo_vhdl/VHDL/TRABAJO_VHDL\vivado.jou
#-----------------------------------------------------------
start_gui
open_project C:/Users/Aitana/Desktop/trabajo_vhdl/VHDL/TRABAJO_VHDL/trabajo.xpr
Scanning sources...
Finished scanning sources
INFO: [IP_Flow 19-234] Refreshing IP repositories
INFO: [IP_Flow 19-1704] No user IP repositories specified
INFO: [IP_Flow 19-2313] Loaded Vivado IP repository 'D:/Vivado/2019.1/data/ip'.
open_project: Time (s): cpu = 00:00:21 ; elapsed = 00:00:10 . Memory (MB): peak = 926.684 ; gain = 65.551
uupdate_compile_order -fileset sources_1eexit
INFO: [Common 17-206] Exiting Vivado at Thu Jan 16 22:02:16 2020...
